c:\users\alex\source\repos\wxjump\wxjump\x64\debug\vc141.pdb
c:\users\alex\source\repos\wxjump\wxjump\x64\debug\qrc_wxjump.obj
c:\users\alex\source\repos\wxjump\wxjump\x64\debug\wxjump.obj
c:\users\alex\source\repos\wxjump\wxjump\x64\debug\moc_screencapimage.obj
c:\users\alex\source\repos\wxjump\wxjump\x64\debug\screencapimage.obj
c:\users\alex\source\repos\wxjump\wxjump\x64\debug\main.obj
c:\users\alex\source\repos\wxjump\wxjump\x64\debug\moc_wxjump.obj
c:\users\alex\source\repos\wxjump\wxjump\x64\debug\utils.obj
c:\users\alex\source\repos\wxjump\wxjump\generatedfiles\qrc_wxjump.cpp
c:\users\alex\source\repos\wxjump\wxjump\generatedfiles\debug\moc_screencapimage.cpp
c:\users\alex\source\repos\wxjump\wxjump\generatedfiles\debug\moc_wxjump.cpp
c:\users\alex\source\repos\wxjump\wxjump\generatedfiles\ui_wxjump.h
c:\users\alex\source\repos\wxjump\x64\debug\wxjump.exe
c:\users\alex\source\repos\wxjump\x64\debug\wxjump.ilk
c:\users\alex\source\repos\wxjump\x64\debug\wxjump.pdb
c:\users\alex\source\repos\wxjump\wxjump\x64\debug\wxjump.tlog\cl.command.1.tlog
c:\users\alex\source\repos\wxjump\wxjump\x64\debug\wxjump.tlog\cl.read.1.tlog
c:\users\alex\source\repos\wxjump\wxjump\x64\debug\wxjump.tlog\cl.write.1.tlog
c:\users\alex\source\repos\wxjump\wxjump\x64\debug\wxjump.tlog\custombuild.command.1.tlog
c:\users\alex\source\repos\wxjump\wxjump\x64\debug\wxjump.tlog\custombuild.read.1.tlog
c:\users\alex\source\repos\wxjump\wxjump\x64\debug\wxjump.tlog\custombuild.write.1.tlog
c:\users\alex\source\repos\wxjump\wxjump\x64\debug\wxjump.tlog\link.command.1.tlog
c:\users\alex\source\repos\wxjump\wxjump\x64\debug\wxjump.tlog\link.read.1.tlog
c:\users\alex\source\repos\wxjump\wxjump\x64\debug\wxjump.tlog\link.write.1.tlog
